# JRE version: Java(TM) SE Runtime Environment (8.0_202-b08) (build 1.8.0_202-b08)
# Java VM: Java HotSpot(TM) 64-Bit Server VM (25.202-b08 mixed mode windows-amd64 compressed oops)
Heap:
 PSYoungGen      total 70656K, used 47283K [0x00000000d6100000, 0x00000000dab00000, 0x0000000100000000)
  eden space 65536K, 72% used [0x00000000d6100000,0x00000000d8f2cd70,0x00000000da100000)
  from space 5120K, 0% used [0x00000000da600000,0x00000000da600000,0x00000000dab00000)
  to   space 5120K, 0% used [0x00000000da100000,0x00000000da100000,0x00000000da600000)
 ParOldGen       total 60928K, used 8110K [0x0000000082200000, 0x0000000085d80000, 0x00000000d6100000)
  object space 60928K, 13% used [0x0000000082200000,0x00000000829ebbf0,0x0000000085d80000)
 Metaspace       used 24404K, capacity 25724K, committed 25984K, reserved 1073152K
  class space    used 3187K, capacity 3438K, committed 3456K, reserved 1048576K
GC Heap History (10 events):
Event: 1.602 GC heap before
{Heap before GC invocations=1 (full 0):
 PSYoungGen      total 37888K, used 32768K [0x00000000d6100000, 0x00000000d8b00000, 0x0000000100000000)
  eden space 32768K, 100% used [0x00000000d6100000,0x00000000d8100000,0x00000000d8100000)
  from space 5120K, 0% used [0x00000000d8600000,0x00000000d8600000,0x00000000d8b00000)
  to   space 5120K, 0% used [0x00000000d8100000,0x00000000d8100000,0x00000000d8600000)
 ParOldGen       total 86016K, used 0K [0x0000000082200000, 0x0000000087600000, 0x00000000d6100000)
  object space 86016K, 0% used [0x0000000082200000,0x0000000082200000,0x0000000087600000)
 Metaspace       used 9858K, capacity 10136K, committed 10240K, reserved 1058816K
  class space    used 1145K, capacity 1224K, committed 1280K, reserved 1048576K
Event: 1.610 GC heap after
Heap after GC invocations=1 (full 0):
 PSYoungGen      total 37888K, used 4997K [0x00000000d6100000, 0x00000000d8b00000, 0x0000000100000000)
  eden space 32768K, 0% used [0x00000000d6100000,0x00000000d6100000,0x00000000d8100000)
  from space 5120K, 97% used [0x00000000d8100000,0x00000000d85e15c8,0x00000000d8600000)
  to   space 5120K, 0% used [0x00000000d8600000,0x00000000d8600000,0x00000000d8b00000)
 ParOldGen       total 86016K, used 16K [0x0000000082200000, 0x0000000087600000, 0x00000000d6100000)
  object space 86016K, 0% used [0x0000000082200000,0x0000000082204000,0x0000000087600000)
 Metaspace       used 9858K, capacity 10136K, committed 10240K, reserved 1058816K
  class space    used 1145K, capacity 1224K, committed 1280K, reserved 1048576K
}
Event: 2.149 GC heap before
{Heap before GC invocations=2 (full 0):
 PSYoungGen      total 37888K, used 37765K [0x00000000d6100000, 0x00000000d8b00000, 0x0000000100000000)
  eden space 32768K, 100% used [0x00000000d6100000,0x00000000d8100000,0x00000000d8100000)
  from space 5120K, 97% used [0x00000000d8100000,0x00000000d85e15c8,0x00000000d8600000)
  to   space 5120K, 0% used [0x00000000d8600000,0x00000000d8600000,0x00000000d8b00000)
 ParOldGen       total 86016K, used 16K [0x0000000082200000, 0x0000000087600000, 0x00000000d6100000)
  object space 86016K, 0% used [0x0000000082200000,0x0000000082204000,0x0000000087600000)
 Metaspace       used 13479K, capacity 13942K, committed 14208K, reserved 1060864K
  class space    used 1743K, capacity 1849K, committed 1920K, reserved 1048576K
Event: 2.158 GC heap after
Heap after GC invocations=2 (full 0):
 PSYoungGen      total 37888K, used 5092K [0x00000000d6100000, 0x00000000dab00000, 0x0000000100000000)
  eden space 32768K, 0% used [0x00000000d6100000,0x00000000d6100000,0x00000000d8100000)
  from space 5120K, 99% used [0x00000000d8600000,0x00000000d8af9228,0x00000000d8b00000)
  to   space 5120K, 0% used [0x00000000d8100000,0x00000000d8100000,0x00000000d8600000)
 ParOldGen       total 86016K, used 977K [0x0000000082200000, 0x0000000087600000, 0x00000000d6100000)
  object space 86016K, 1% used [0x0000000082200000,0x00000000822f44e8,0x0000000087600000)
 Metaspace       used 13479K, capacity 13942K, committed 14208K, reserved 1060864K
  class space    used 1743K, capacity 1849K, committed 1920K, reserved 1048576K
}
Event: 2.629 GC heap before
{Heap before GC invocations=3 (full 0):
 PSYoungGen      total 37888K, used 37860K [0x00000000d6100000, 0x00000000dab00000, 0x0000000100000000)
  eden space 32768K, 100% used [0x00000000d6100000,0x00000000d8100000,0x00000000d8100000)
  from space 5120K, 99% used [0x00000000d8600000,0x00000000d8af9228,0x00000000d8b00000)
  to   space 5120K, 0% used [0x00000000d8100000,0x00000000d8100000,0x00000000d8600000)
 ParOldGen       total 86016K, used 977K [0x0000000082200000, 0x0000000087600000, 0x00000000d6100000)
  object space 86016K, 1% used [0x0000000082200000,0x00000000822f44e8,0x0000000087600000)
 Metaspace       used 17176K, capacity 17762K, committed 18048K, reserved 1064960K
  class space    used 2227K, capacity 2385K, committed 2432K, reserved 1048576K
Event: 2.639 GC heap after
Heap after GC invocations=3 (full 0):
 PSYoungGen      total 37888K, used 5113K [0x00000000d6100000, 0x00000000dab00000, 0x0000000100000000)
  eden space 32768K, 0% used [0x00000000d6100000,0x00000000d6100000,0x00000000d8100000)
  from space 5120K, 99% used [0x00000000d8100000,0x00000000d85fe518,0x00000000d8600000)
  to   space 5120K, 0% used [0x00000000da600000,0x00000000da600000,0x00000000dab00000)
 ParOldGen       total 86016K, used 3335K [0x0000000082200000, 0x0000000087600000, 0x00000000d6100000)
  object space 86016K, 3% used [0x0000000082200000,0x0000000082541eb0,0x0000000087600000)
 Metaspace       used 17176K, capacity 17762K, committed 18048K, reserved 1064960K
  class space    used 2227K, capacity 2385K, committed 2432K, reserved 1048576K
}
Event: 3.000 GC heap before
{Heap before GC invocations=4 (full 0):
 PSYoungGen      total 37888K, used 34662K [0x00000000d6100000, 0x00000000dab00000, 0x0000000100000000)
  eden space 32768K, 90% used [0x00000000d6100000,0x00000000d7ddb3d8,0x00000000d8100000)
  from space 5120K, 99% used [0x00000000d8100000,0x00000000d85fe518,0x00000000d8600000)
  to   space 5120K, 0% used [0x00000000da600000,0x00000000da600000,0x00000000dab00000)
 ParOldGen       total 86016K, used 3335K [0x0000000082200000, 0x0000000087600000, 0x00000000d6100000)
  object space 86016K, 3% used [0x0000000082200000,0x0000000082541eb0,0x0000000087600000)
 Metaspace       used 20547K, capacity 21194K, committed 21248K, reserved 1067008K
  class space    used 2643K, capacity 2811K, committed 2816K, reserved 1048576K
Event: 3.013 GC heap after
Heap after GC invocations=4 (full 0):
 PSYoungGen      total 70656K, used 5096K [0x00000000d6100000, 0x00000000dab00000, 0x0000000100000000)
  eden space 65536K, 0% used [0x00000000d6100000,0x00000000d6100000,0x00000000da100000)
  from space 5120K, 99% used [0x00000000da600000,0x00000000daafa020,0x00000000dab00000)
  to   space 5120K, 0% used [0x00000000da100000,0x00000000da100000,0x00000000da600000)
 ParOldGen       total 86016K, used 6639K [0x0000000082200000, 0x0000000087600000, 0x00000000d6100000)
  object space 86016K, 7% used [0x0000000082200000,0x000000008287bf38,0x0000000087600000)
 Metaspace       used 20547K, capacity 21194K, committed 21248K, reserved 1067008K
  class space    used 2643K, capacity 2811K, committed 2816K, reserved 1048576K
}
Event: 3.013 GC heap before
{Heap before GC invocations=5 (full 1):
 PSYoungGen      total 70656K, used 5096K [0x00000000d6100000, 0x00000000dab00000, 0x0000000100000000)
  eden space 65536K, 0% used [0x00000000d6100000,0x00000000d6100000,0x00000000da100000)
  from space 5120K, 99% used [0x00000000da600000,0x00000000daafa020,0x00000000dab00000)
  to   space 5120K, 0% used [0x00000000da100000,0x00000000da100000,0x00000000da600000)
 ParOldGen       total 86016K, used 6639K [0x0000000082200000, 0x0000000087600000, 0x00000000d6100000)
  object space 86016K, 7% used [0x0000000082200000,0x000000008287bf38,0x0000000087600000)
 Metaspace       used 20547K, capacity 21194K, committed 21248K, reserved 1067008K
  class space    used 2643K, capacity 2811K, committed 2816K, reserved 1048576K
Event: 3.063 GC heap after
Heap after GC invocations=5 (full 1):
 PSYoungGen      total 70656K, used 0K [0x00000000d6100000, 0x00000000dab00000, 0x0000000100000000)
  eden space 65536K, 0% used [0x00000000d6100000,0x00000000d6100000,0x00000000da100000)
  from space 5120K, 0% used [0x00000000da600000,0x00000000da600000,0x00000000dab00000)
  to   space 5120K, 0% used [0x00000000da100000,0x00000000da100000,0x00000000da600000)
 ParOldGen       total 60928K, used 8110K [0x0000000082200000, 0x0000000085d80000, 0x00000000d6100000)
  object space 60928K, 13% used [0x0000000082200000,0x00000000829ebbf0,0x0000000085d80000)
 Metaspace       used 20545K, capacity 21188K, committed 21248K, reserved 1067008K
  class space    used 2642K, capacity 2810K, committed 2816K, reserved 1048576K
}

