# JRE version: Java(TM) SE Runtime Environment (8.0_202-b08) (build 1.8.0_202-b08)
# Java VM: Java HotSpot(TM) 64-Bit Server VM (25.202-b08 mixed mode windows-amd64 compressed oops)
Heap:
 PSYoungGen      total 120832K, used 50087K [0x00000000e0000000, 0x00000000e8200000, 0x0000000100000000)
  eden space 110080K, 36% used [0x00000000e0000000,0x00000000e2746bf0,0x00000000e6b80000)
  from space 10752K, 91% used [0x00000000e7680000,0x00000000e80230e8,0x00000000e8100000)
  to   space 11264K, 0% used [0x00000000e6b80000,0x00000000e6b80000,0x00000000e7680000)
 ParOldGen       total 57344K, used 9243K [0x00000000a0000000, 0x00000000a3800000, 0x00000000e0000000)
  object space 57344K, 16% used [0x00000000a0000000,0x00000000a0906d38,0x00000000a3800000)
 Metaspace       used 34350K, capacity 35326K, committed 35416K, reserved 1079296K
  class space    used 4857K, capacity 5109K, committed 5120K, reserved 1048576K
GC Heap History (10 events):
Event: 3.861 GC heap before
{Heap before GC invocations=5 (full 0):
 PSYoungGen      total 37888K, used 37880K [0x00000000e0000000, 0x00000000e4a00000, 0x0000000100000000)
  eden space 32768K, 100% used [0x00000000e0000000,0x00000000e2000000,0x00000000e2000000)
  from space 5120K, 99% used [0x00000000e2500000,0x00000000e29fe030,0x00000000e2a00000)
  to   space 5120K, 0% used [0x00000000e2000000,0x00000000e2000000,0x00000000e2500000)
 ParOldGen       total 86016K, used 5348K [0x00000000a0000000, 0x00000000a5400000, 0x00000000e0000000)
  object space 86016K, 6% used [0x00000000a0000000,0x00000000a05391c0,0x00000000a5400000)
 Metaspace       used 18984K, capacity 19558K, committed 19712K, reserved 1067008K
  class space    used 2819K, capacity 2997K, committed 3072K, reserved 1048576K
Event: 3.871 GC heap after
Heap after GC invocations=5 (full 0):
 PSYoungGen      total 37888K, used 5112K [0x00000000e0000000, 0x00000000e5500000, 0x0000000100000000)
  eden space 32768K, 0% used [0x00000000e0000000,0x00000000e0000000,0x00000000e2000000)
  from space 5120K, 99% used [0x00000000e2000000,0x00000000e24fe060,0x00000000e2500000)
  to   space 10752K, 0% used [0x00000000e4a80000,0x00000000e4a80000,0x00000000e5500000)
 ParOldGen       total 86016K, used 9271K [0x00000000a0000000, 0x00000000a5400000, 0x00000000e0000000)
  object space 86016K, 10% used [0x00000000a0000000,0x00000000a090dc98,0x00000000a5400000)
 Metaspace       used 18984K, capacity 19558K, committed 19712K, reserved 1067008K
  class space    used 2819K, capacity 2997K, committed 3072K, reserved 1048576K
}
Event: 4.055 GC heap before
{Heap before GC invocations=6 (full 0):
 PSYoungGen      total 37888K, used 19743K [0x00000000e0000000, 0x00000000e5500000, 0x0000000100000000)
  eden space 32768K, 44% used [0x00000000e0000000,0x00000000e0e49f38,0x00000000e2000000)
  from space 5120K, 99% used [0x00000000e2000000,0x00000000e24fe060,0x00000000e2500000)
  to   space 10752K, 0% used [0x00000000e4a80000,0x00000000e4a80000,0x00000000e5500000)
 ParOldGen       total 86016K, used 9271K [0x00000000a0000000, 0x00000000a5400000, 0x00000000e0000000)
  object space 86016K, 10% used [0x00000000a0000000,0x00000000a090dc98,0x00000000a5400000)
 Metaspace       used 20606K, capacity 21172K, committed 21248K, reserved 1067008K
  class space    used 3048K, capacity 3257K, committed 3328K, reserved 1048576K
Event: 4.060 GC heap after
Heap after GC invocations=6 (full 0):
 PSYoungGen      total 76288K, used 7561K [0x00000000e0000000, 0x00000000e5500000, 0x0000000100000000)
  eden space 65536K, 0% used [0x00000000e0000000,0x00000000e0000000,0x00000000e4000000)
  from space 10752K, 70% used [0x00000000e4a80000,0x00000000e51e26a0,0x00000000e5500000)
  to   space 10752K, 0% used [0x00000000e4000000,0x00000000e4000000,0x00000000e4a80000)
 ParOldGen       total 86016K, used 9279K [0x00000000a0000000, 0x00000000a5400000, 0x00000000e0000000)
  object space 86016K, 10% used [0x00000000a0000000,0x00000000a090fc98,0x00000000a5400000)
 Metaspace       used 20606K, capacity 21172K, committed 21248K, reserved 1067008K
  class space    used 3048K, capacity 3257K, committed 3328K, reserved 1048576K
}
Event: 4.060 GC heap before
{Heap before GC invocations=7 (full 1):
 PSYoungGen      total 76288K, used 7561K [0x00000000e0000000, 0x00000000e5500000, 0x0000000100000000)
  eden space 65536K, 0% used [0x00000000e0000000,0x00000000e0000000,0x00000000e4000000)
  from space 10752K, 70% used [0x00000000e4a80000,0x00000000e51e26a0,0x00000000e5500000)
  to   space 10752K, 0% used [0x00000000e4000000,0x00000000e4000000,0x00000000e4a80000)
 ParOldGen       total 86016K, used 9279K [0x00000000a0000000, 0x00000000a5400000, 0x00000000e0000000)
  object space 86016K, 10% used [0x00000000a0000000,0x00000000a090fc98,0x00000000a5400000)
 Metaspace       used 20606K, capacity 21172K, committed 21248K, reserved 1067008K
  class space    used 3048K, capacity 3257K, committed 3328K, reserved 1048576K
Event: 4.091 GC heap after
Heap after GC invocations=7 (full 1):
 PSYoungGen      total 76288K, used 0K [0x00000000e0000000, 0x00000000e5500000, 0x0000000100000000)
  eden space 65536K, 0% used [0x00000000e0000000,0x00000000e0000000,0x00000000e4000000)
  from space 10752K, 0% used [0x00000000e4a80000,0x00000000e4a80000,0x00000000e5500000)
  to   space 10752K, 0% used [0x00000000e4000000,0x00000000e4000000,0x00000000e4a80000)
 ParOldGen       total 57344K, used 9227K [0x00000000a0000000, 0x00000000a3800000, 0x00000000e0000000)
  object space 57344K, 16% used [0x00000000a0000000,0x00000000a0902d38,0x00000000a3800000)
 Metaspace       used 20606K, capacity 21172K, committed 21248K, reserved 1067008K
  class space    used 3048K, capacity 3257K, committed 3328K, reserved 1048576K
}
Event: 4.725 GC heap before
{Heap before GC invocations=8 (full 1):
 PSYoungGen      total 76288K, used 65536K [0x00000000e0000000, 0x00000000e5500000, 0x0000000100000000)
  eden space 65536K, 100% used [0x00000000e0000000,0x00000000e4000000,0x00000000e4000000)
  from space 10752K, 0% used [0x00000000e4a80000,0x00000000e4a80000,0x00000000e5500000)
  to   space 10752K, 0% used [0x00000000e4000000,0x00000000e4000000,0x00000000e4a80000)
 ParOldGen       total 57344K, used 9227K [0x00000000a0000000, 0x00000000a3800000, 0x00000000e0000000)
  object space 57344K, 16% used [0x00000000a0000000,0x00000000a0902d38,0x00000000a3800000)
 Metaspace       used 28521K, capacity 29110K, committed 29312K, reserved 1075200K
  class space    used 4009K, capacity 4194K, committed 4224K, reserved 1048576K
Event: 4.734 GC heap after
Heap after GC invocations=8 (full 1):
 PSYoungGen      total 76288K, used 7899K [0x00000000e0000000, 0x00000000e8100000, 0x0000000100000000)
  eden space 65536K, 0% used [0x00000000e0000000,0x00000000e0000000,0x00000000e4000000)
  from space 10752K, 73% used [0x00000000e4000000,0x00000000e47b6f28,0x00000000e4a80000)
  to   space 10752K, 0% used [0x00000000e7680000,0x00000000e7680000,0x00000000e8100000)
 ParOldGen       total 57344K, used 9235K [0x00000000a0000000, 0x00000000a3800000, 0x00000000e0000000)
  object space 57344K, 16% used [0x00000000a0000000,0x00000000a0904d38,0x00000000a3800000)
 Metaspace       used 28521K, capacity 29110K, committed 29312K, reserved 1075200K
  class space    used 4009K, capacity 4194K, committed 4224K, reserved 1048576K
}
Event: 5.942 GC heap before
{Heap before GC invocations=9 (full 1):
 PSYoungGen      total 76288K, used 73435K [0x00000000e0000000, 0x00000000e8100000, 0x0000000100000000)
  eden space 65536K, 100% used [0x00000000e0000000,0x00000000e4000000,0x00000000e4000000)
  from space 10752K, 73% used [0x00000000e4000000,0x00000000e47b6f28,0x00000000e4a80000)
  to   space 10752K, 0% used [0x00000000e7680000,0x00000000e7680000,0x00000000e8100000)
 ParOldGen       total 57344K, used 9235K [0x00000000a0000000, 0x00000000a3800000, 0x00000000e0000000)
  object space 57344K, 16% used [0x00000000a0000000,0x00000000a0904d38,0x00000000a3800000)
 Metaspace       used 32294K, capacity 33116K, committed 33280K, reserved 1077248K
  class space    used 4618K, capacity 4829K, committed 4864K, reserved 1048576K
Event: 5.963 GC heap after
Heap after GC invocations=9 (full 1):
 PSYoungGen      total 120832K, used 9868K [0x00000000e0000000, 0x00000000e8200000, 0x0000000100000000)
  eden space 110080K, 0% used [0x00000000e0000000,0x00000000e0000000,0x00000000e6b80000)
  from space 10752K, 91% used [0x00000000e7680000,0x00000000e80230e8,0x00000000e8100000)
  to   space 11264K, 0% used [0x00000000e6b80000,0x00000000e6b80000,0x00000000e7680000)
 ParOldGen       total 57344K, used 9243K [0x00000000a0000000, 0x00000000a3800000, 0x00000000e0000000)
  object space 57344K, 16% used [0x00000000a0000000,0x00000000a0906d38,0x00000000a3800000)
 Metaspace       used 32294K, capacity 33116K, committed 33280K, reserved 1077248K
  class space    used 4618K, capacity 4829K, committed 4864K, reserved 1048576K
}

