# JRE version: Java(TM) SE Runtime Environment (8.0_202-b08) (build 1.8.0_202-b08)
# Java VM: Java HotSpot(TM) 64-Bit Server VM (25.202-b08 mixed mode windows-amd64 compressed oops)
Heap:
 PSYoungGen      total 197632K, used 140288K [0x00000000e0000000, 0x00000000f0480000, 0x0000000100000000)
  eden space 128512K, 55% used [0x00000000e0000000,0x00000000e4583b50,0x00000000e7d80000)
  from space 69120K, 99% used [0x00000000e7d80000,0x00000000ec0fc878,0x00000000ec100000)
  to   space 68608K, 0% used [0x00000000ec180000,0x00000000ec180000,0x00000000f0480000)
 ParOldGen       total 144384K, used 78381K [0x00000000a0000000, 0x00000000a8d00000, 0x00000000e0000000)
  object space 144384K, 54% used [0x00000000a0000000,0x00000000a4c8b4e0,0x00000000a8d00000)
 Metaspace       used 83795K, capacity 87398K, committed 87552K, reserved 1124352K
  class space    used 11443K, capacity 12214K, committed 12288K, reserved 1048576K
GC Heap History (10 events):
Event: 52.264 GC heap before
{Heap before GC invocations=25 (full 6):
 PSYoungGen      total 160256K, used 105472K [0x00000000e0000000, 0x00000000f0d00000, 0x0000000100000000)
  eden space 105472K, 100% used [0x00000000e0000000,0x00000000e6700000,0x00000000e6700000)
  from space 54784K, 0% used [0x00000000e6700000,0x00000000e6700000,0x00000000e9c80000)
  to   space 76288K, 0% used [0x00000000ec280000,0x00000000ec280000,0x00000000f0d00000)
 ParOldGen       total 144384K, used 113872K [0x00000000a0000000, 0x00000000a8d00000, 0x00000000e0000000)
  object space 144384K, 78% used [0x00000000a0000000,0x00000000a6f34288,0x00000000a8d00000)
 Metaspace       used 74947K, capacity 77174K, committed 77824K, reserved 1116160K
  class space    used 10006K, capacity 10578K, committed 10752K, reserved 1048576K
Event: 52.506 GC heap after
Heap after GC invocations=25 (full 6):
 PSYoungGen      total 160256K, used 0K [0x00000000e0000000, 0x00000000f0d00000, 0x0000000100000000)
  eden space 105472K, 0% used [0x00000000e0000000,0x00000000e0000000,0x00000000e6700000)
  from space 54784K, 0% used [0x00000000e6700000,0x00000000e6700000,0x00000000e9c80000)
  to   space 76288K, 0% used [0x00000000ec280000,0x00000000ec280000,0x00000000f0d00000)
 ParOldGen       total 144384K, used 62433K [0x00000000a0000000, 0x00000000a8d00000, 0x00000000e0000000)
  object space 144384K, 43% used [0x00000000a0000000,0x00000000a3cf8788,0x00000000a8d00000)
 Metaspace       used 74947K, capacity 77174K, committed 77824K, reserved 1116160K
  class space    used 10006K, capacity 10578K, committed 10752K, reserved 1048576K
}
Event: 53.496 GC heap before
{Heap before GC invocations=26 (full 6):
 PSYoungGen      total 160256K, used 105472K [0x00000000e0000000, 0x00000000f0d00000, 0x0000000100000000)
  eden space 105472K, 100% used [0x00000000e0000000,0x00000000e6700000,0x00000000e6700000)
  from space 54784K, 0% used [0x00000000e6700000,0x00000000e6700000,0x00000000e9c80000)
  to   space 76288K, 0% used [0x00000000ec280000,0x00000000ec280000,0x00000000f0d00000)
 ParOldGen       total 144384K, used 62433K [0x00000000a0000000, 0x00000000a8d00000, 0x00000000e0000000)
  object space 144384K, 43% used [0x00000000a0000000,0x00000000a3cf8788,0x00000000a8d00000)
 Metaspace       used 75657K, capacity 77966K, committed 78336K, reserved 1116160K
  class space    used 10083K, capacity 10636K, committed 10752K, reserved 1048576K
Event: 53.529 GC heap after
Heap after GC invocations=26 (full 6):
 PSYoungGen      total 179712K, used 16298K [0x00000000e0000000, 0x00000000f0000000, 0x0000000100000000)
  eden space 116736K, 0% used [0x00000000e0000000,0x00000000e0000000,0x00000000e7200000)
  from space 62976K, 25% used [0x00000000ec280000,0x00000000ed26a840,0x00000000f0000000)
  to   space 72704K, 0% used [0x00000000e7200000,0x00000000e7200000,0x00000000eb900000)
 ParOldGen       total 144384K, used 62441K [0x00000000a0000000, 0x00000000a8d00000, 0x00000000e0000000)
  object space 144384K, 43% used [0x00000000a0000000,0x00000000a3cfa788,0x00000000a8d00000)
 Metaspace       used 75657K, capacity 77966K, committed 78336K, reserved 1116160K
  class space    used 10083K, capacity 10636K, committed 10752K, reserved 1048576K
}
Event: 54.353 GC heap before
{Heap before GC invocations=27 (full 6):
 PSYoungGen      total 179712K, used 133034K [0x00000000e0000000, 0x00000000f0000000, 0x0000000100000000)
  eden space 116736K, 100% used [0x00000000e0000000,0x00000000e7200000,0x00000000e7200000)
  from space 62976K, 25% used [0x00000000ec280000,0x00000000ed26a840,0x00000000f0000000)
  to   space 72704K, 0% used [0x00000000e7200000,0x00000000e7200000,0x00000000eb900000)
 ParOldGen       total 144384K, used 62441K [0x00000000a0000000, 0x00000000a8d00000, 0x00000000e0000000)
  object space 144384K, 43% used [0x00000000a0000000,0x00000000a3cfa788,0x00000000a8d00000)
 Metaspace       used 75992K, capacity 78320K, committed 78592K, reserved 1118208K
  class space    used 10138K, capacity 10711K, committed 10752K, reserved 1048576K
Event: 54.378 GC heap after
Heap after GC invocations=27 (full 6):
 PSYoungGen      total 189440K, used 22686K [0x00000000e0000000, 0x00000000f0480000, 0x0000000100000000)
  eden space 116736K, 0% used [0x00000000e0000000,0x00000000e0000000,0x00000000e7200000)
  from space 72704K, 31% used [0x00000000e7200000,0x00000000e8827958,0x00000000eb900000)
  to   space 68608K, 0% used [0x00000000ec180000,0x00000000ec180000,0x00000000f0480000)
 ParOldGen       total 144384K, used 62449K [0x00000000a0000000, 0x00000000a8d00000, 0x00000000e0000000)
  object space 144384K, 43% used [0x00000000a0000000,0x00000000a3cfc788,0x00000000a8d00000)
 Metaspace       used 75992K, capacity 78320K, committed 78592K, reserved 1118208K
  class space    used 10138K, capacity 10711K, committed 10752K, reserved 1048576K
}
Event: 56.903 GC heap before
{Heap before GC invocations=28 (full 6):
 PSYoungGen      total 189440K, used 139422K [0x00000000e0000000, 0x00000000f0480000, 0x0000000100000000)
  eden space 116736K, 100% used [0x00000000e0000000,0x00000000e7200000,0x00000000e7200000)
  from space 72704K, 31% used [0x00000000e7200000,0x00000000e8827958,0x00000000eb900000)
  to   space 68608K, 0% used [0x00000000ec180000,0x00000000ec180000,0x00000000f0480000)
 ParOldGen       total 144384K, used 62449K [0x00000000a0000000, 0x00000000a8d00000, 0x00000000e0000000)
  object space 144384K, 43% used [0x00000000a0000000,0x00000000a3cfc788,0x00000000a8d00000)
 Metaspace       used 82346K, capacity 85716K, committed 86016K, reserved 1124352K
  class space    used 11204K, capacity 11939K, committed 12032K, reserved 1048576K
Event: 56.938 GC heap after
Heap after GC invocations=28 (full 6):
 PSYoungGen      total 197120K, used 38520K [0x00000000e0000000, 0x00000000f0480000, 0x0000000100000000)
  eden space 128512K, 0% used [0x00000000e0000000,0x00000000e0000000,0x00000000e7d80000)
  from space 68608K, 56% used [0x00000000ec180000,0x00000000ee71e130,0x00000000f0480000)
  to   space 69120K, 0% used [0x00000000e7d80000,0x00000000e7d80000,0x00000000ec100000)
 ParOldGen       total 144384K, used 62457K [0x00000000a0000000, 0x00000000a8d00000, 0x00000000e0000000)
  object space 144384K, 43% used [0x00000000a0000000,0x00000000a3cfe788,0x00000000a8d00000)
 Metaspace       used 82346K, capacity 85716K, committed 86016K, reserved 1124352K
  class space    used 11204K, capacity 11939K, committed 12032K, reserved 1048576K
}
Event: 58.753 GC heap before
{Heap before GC invocations=29 (full 6):
 PSYoungGen      total 197120K, used 167032K [0x00000000e0000000, 0x00000000f0480000, 0x0000000100000000)
  eden space 128512K, 100% used [0x00000000e0000000,0x00000000e7d80000,0x00000000e7d80000)
  from space 68608K, 56% used [0x00000000ec180000,0x00000000ee71e130,0x00000000f0480000)
  to   space 69120K, 0% used [0x00000000e7d80000,0x00000000e7d80000,0x00000000ec100000)
 ParOldGen       total 144384K, used 62457K [0x00000000a0000000, 0x00000000a8d00000, 0x00000000e0000000)
  object space 144384K, 43% used [0x00000000a0000000,0x00000000a3cfe788,0x00000000a8d00000)
 Metaspace       used 83488K, capacity 87006K, committed 87296K, reserved 1124352K
  class space    used 11432K, capacity 12204K, committed 12288K, reserved 1048576K
Event: 58.916 GC heap after
Heap after GC invocations=29 (full 6):
 PSYoungGen      total 197632K, used 69106K [0x00000000e0000000, 0x00000000f0480000, 0x0000000100000000)
  eden space 128512K, 0% used [0x00000000e0000000,0x00000000e0000000,0x00000000e7d80000)
  from space 69120K, 99% used [0x00000000e7d80000,0x00000000ec0fc878,0x00000000ec100000)
  to   space 68608K, 0% used [0x00000000ec180000,0x00000000ec180000,0x00000000f0480000)
 ParOldGen       total 144384K, used 78381K [0x00000000a0000000, 0x00000000a8d00000, 0x00000000e0000000)
  object space 144384K, 54% used [0x00000000a0000000,0x00000000a4c8b4e0,0x00000000a8d00000)
 Metaspace       used 83488K, capacity 87006K, committed 87296K, reserved 1124352K
  class space    used 11432K, capacity 12204K, committed 12288K, reserved 1048576K
}

