# JRE version: Java(TM) SE Runtime Environment (8.0_202-b08) (build 1.8.0_202-b08)
# Java VM: Java HotSpot(TM) 64-Bit Server VM (25.202-b08 mixed mode windows-amd64 compressed oops)
Heap:
 PSYoungGen      total 420864K, used 97672K [0x00000000e0000000, 0x0000000100000000, 0x0000000100000000)
  eden space 378880K, 14% used [0x00000000e0000000,0x00000000e36690b0,0x00000000f7200000)
  from space 41984K, 99% used [0x00000000faf00000,0x00000000fd7f90f0,0x00000000fd800000)
  to   space 62464K, 0% used [0x00000000f7200000,0x00000000f7200000,0x00000000faf00000)
 ParOldGen       total 166400K, used 108605K [0x00000000a0000000, 0x00000000aa280000, 0x00000000e0000000)
  object space 166400K, 65% used [0x00000000a0000000,0x00000000a6a0f7f0,0x00000000aa280000)
 Metaspace       used 108900K, capacity 112756K, committed 113408K, reserved 1146880K
  class space    used 14242K, capacity 15169K, committed 15360K, reserved 1048576K
GC Heap History (10 events):
Event: 2846.054 GC heap before
{Heap before GC invocations=18 (full 3):
 PSYoungGen      total 272896K, used 272881K [0x00000000e0000000, 0x00000000f2f80000, 0x0000000100000000)
  eden space 251904K, 100% used [0x00000000e0000000,0x00000000ef600000,0x00000000ef600000)
  from space 20992K, 99% used [0x00000000f1200000,0x00000000f267c578,0x00000000f2680000)
  to   space 28672K, 0% used [0x00000000ef600000,0x00000000ef600000,0x00000000f1200000)
 ParOldGen       total 114176K, used 43643K [0x00000000a0000000, 0x00000000a6f80000, 0x00000000e0000000)
  object space 114176K, 38% used [0x00000000a0000000,0x00000000a2a9ef58,0x00000000a6f80000)
 Metaspace       used 92341K, capacity 96586K, committed 96896K, reserved 1132544K
  class space    used 12320K, capacity 13322K, committed 13440K, reserved 1048576K
Event: 2846.410 GC heap after
Heap after GC invocations=18 (full 3):
 PSYoungGen      total 280576K, used 28548K [0x00000000e0000000, 0x00000000f7d80000, 0x0000000100000000)
  eden space 251904K, 0% used [0x00000000e0000000,0x00000000e0000000,0x00000000ef600000)
  from space 28672K, 99% used [0x00000000ef600000,0x00000000f11e1288,0x00000000f1200000)
  to   space 33280K, 0% used [0x00000000f5d00000,0x00000000f5d00000,0x00000000f7d80000)
 ParOldGen       total 114176K, used 60013K [0x00000000a0000000, 0x00000000a6f80000, 0x00000000e0000000)
  object space 114176K, 52% used [0x00000000a0000000,0x00000000a3a9b750,0x00000000a6f80000)
 Metaspace       used 92341K, capacity 96586K, committed 96896K, reserved 1132544K
  class space    used 12320K, capacity 13322K, committed 13440K, reserved 1048576K
}
Event: 2846.934 GC heap before
{Heap before GC invocations=19 (full 3):
 PSYoungGen      total 280576K, used 56926K [0x00000000e0000000, 0x00000000f7d80000, 0x0000000100000000)
  eden space 251904K, 11% used [0x00000000e0000000,0x00000000e1bb6640,0x00000000ef600000)
  from space 28672K, 99% used [0x00000000ef600000,0x00000000f11e1288,0x00000000f1200000)
  to   space 33280K, 0% used [0x00000000f5d00000,0x00000000f5d00000,0x00000000f7d80000)
 ParOldGen       total 114176K, used 60013K [0x00000000a0000000, 0x00000000a6f80000, 0x00000000e0000000)
  object space 114176K, 52% used [0x00000000a0000000,0x00000000a3a9b750,0x00000000a6f80000)
 Metaspace       used 94170K, capacity 98382K, committed 98560K, reserved 1134592K
  class space    used 12614K, capacity 13616K, committed 13696K, reserved 1048576K
Event: 2846.970 GC heap after
Heap after GC invocations=19 (full 3):
 PSYoungGen      total 358400K, used 16110K [0x00000000e0000000, 0x00000000f8380000, 0x0000000100000000)
  eden space 325120K, 0% used [0x00000000e0000000,0x00000000e0000000,0x00000000f3d80000)
  from space 33280K, 48% used [0x00000000f5d00000,0x00000000f6cbba00,0x00000000f7d80000)
  to   space 32256K, 0% used [0x00000000f3d80000,0x00000000f3d80000,0x00000000f5d00000)
 ParOldGen       total 114176K, used 60021K [0x00000000a0000000, 0x00000000a6f80000, 0x00000000e0000000)
  object space 114176K, 52% used [0x00000000a0000000,0x00000000a3a9d750,0x00000000a6f80000)
 Metaspace       used 94170K, capacity 98382K, committed 98560K, reserved 1134592K
  class space    used 12614K, capacity 13616K, committed 13696K, reserved 1048576K
}
Event: 2846.970 GC heap before
{Heap before GC invocations=20 (full 4):
 PSYoungGen      total 358400K, used 16110K [0x00000000e0000000, 0x00000000f8380000, 0x0000000100000000)
  eden space 325120K, 0% used [0x00000000e0000000,0x00000000e0000000,0x00000000f3d80000)
  from space 33280K, 48% used [0x00000000f5d00000,0x00000000f6cbba00,0x00000000f7d80000)
  to   space 32256K, 0% used [0x00000000f3d80000,0x00000000f3d80000,0x00000000f5d00000)
 ParOldGen       total 114176K, used 60021K [0x00000000a0000000, 0x00000000a6f80000, 0x00000000e0000000)
  object space 114176K, 52% used [0x00000000a0000000,0x00000000a3a9d750,0x00000000a6f80000)
 Metaspace       used 94170K, capacity 98382K, committed 98560K, reserved 1134592K
  class space    used 12614K, capacity 13616K, committed 13696K, reserved 1048576K
Event: 2848.737 GC heap after
Heap after GC invocations=20 (full 4):
 PSYoungGen      total 358400K, used 0K [0x00000000e0000000, 0x00000000f8380000, 0x0000000100000000)
  eden space 325120K, 0% used [0x00000000e0000000,0x00000000e0000000,0x00000000f3d80000)
  from space 33280K, 0% used [0x00000000f5d00000,0x00000000f5d00000,0x00000000f7d80000)
  to   space 32256K, 0% used [0x00000000f3d80000,0x00000000f3d80000,0x00000000f5d00000)
 ParOldGen       total 166400K, used 59434K [0x00000000a0000000, 0x00000000aa280000, 0x00000000e0000000)
  object space 166400K, 35% used [0x00000000a0000000,0x00000000a3a0aa80,0x00000000aa280000)
 Metaspace       used 93762K, capacity 97296K, committed 98560K, reserved 1134592K
  class space    used 12497K, capacity 13351K, committed 13696K, reserved 1048576K
}
Event: 2859.120 GC heap before
{Heap before GC invocations=21 (full 4):
 PSYoungGen      total 358400K, used 325120K [0x00000000e0000000, 0x00000000f8380000, 0x0000000100000000)
  eden space 325120K, 100% used [0x00000000e0000000,0x00000000f3d80000,0x00000000f3d80000)
  from space 33280K, 0% used [0x00000000f5d00000,0x00000000f5d00000,0x00000000f7d80000)
  to   space 32256K, 0% used [0x00000000f3d80000,0x00000000f3d80000,0x00000000f5d00000)
 ParOldGen       total 166400K, used 59434K [0x00000000a0000000, 0x00000000aa280000, 0x00000000e0000000)
  object space 166400K, 35% used [0x00000000a0000000,0x00000000a3a0aa80,0x00000000aa280000)
 Metaspace       used 102607K, capacity 106310K, committed 107136K, reserved 1142784K
  class space    used 13632K, capacity 14516K, committed 14720K, reserved 1048576K
Event: 2859.378 GC heap after
Heap after GC invocations=21 (full 4):
 PSYoungGen      total 357376K, used 32247K [0x00000000e0000000, 0x00000000fd800000, 0x0000000100000000)
  eden space 325120K, 0% used [0x00000000e0000000,0x00000000e0000000,0x00000000f3d80000)
  from space 32256K, 99% used [0x00000000f3d80000,0x00000000f5cfde20,0x00000000f5d00000)
  to   space 41984K, 0% used [0x00000000faf00000,0x00000000faf00000,0x00000000fd800000)
 ParOldGen       total 166400K, used 72074K [0x00000000a0000000, 0x00000000aa280000, 0x00000000e0000000)
  object space 166400K, 43% used [0x00000000a0000000,0x00000000a46628e8,0x00000000aa280000)
 Metaspace       used 102607K, capacity 106310K, committed 107136K, reserved 1142784K
  class space    used 13632K, capacity 14516K, committed 14720K, reserved 1048576K
}
Event: 2864.353 GC heap before
{Heap before GC invocations=22 (full 4):
 PSYoungGen      total 357376K, used 357367K [0x00000000e0000000, 0x00000000fd800000, 0x0000000100000000)
  eden space 325120K, 100% used [0x00000000e0000000,0x00000000f3d80000,0x00000000f3d80000)
  from space 32256K, 99% used [0x00000000f3d80000,0x00000000f5cfde20,0x00000000f5d00000)
  to   space 41984K, 0% used [0x00000000faf00000,0x00000000faf00000,0x00000000fd800000)
 ParOldGen       total 166400K, used 72074K [0x00000000a0000000, 0x00000000aa280000, 0x00000000e0000000)
  object space 166400K, 43% used [0x00000000a0000000,0x00000000a46628e8,0x00000000aa280000)
 Metaspace       used 107321K, capacity 111156K, committed 111744K, reserved 1146880K
  class space    used 14126K, capacity 15041K, committed 15232K, reserved 1048576K
Event: 2864.815 GC heap after
Heap after GC invocations=22 (full 4):
 PSYoungGen      total 420864K, used 41956K [0x00000000e0000000, 0x0000000100000000, 0x0000000100000000)
  eden space 378880K, 0% used [0x00000000e0000000,0x00000000e0000000,0x00000000f7200000)
  from space 41984K, 99% used [0x00000000faf00000,0x00000000fd7f90f0,0x00000000fd800000)
  to   space 62464K, 0% used [0x00000000f7200000,0x00000000f7200000,0x00000000faf00000)
 ParOldGen       total 166400K, used 108605K [0x00000000a0000000, 0x00000000aa280000, 0x00000000e0000000)
  object space 166400K, 65% used [0x00000000a0000000,0x00000000a6a0f7f0,0x00000000aa280000)
 Metaspace       used 107321K, capacity 111156K, committed 111744K, reserved 1146880K
  class space    used 14126K, capacity 15041K, committed 15232K, reserved 1048576K
}

