# JRE version: Java(TM) SE Runtime Environment (8.0_202-b08) (build 1.8.0_202-b08)
# Java VM: Java HotSpot(TM) 64-Bit Server VM (25.202-b08 mixed mode windows-amd64 compressed oops)
Heap:
 PSYoungGen      total 199168K, used 3662K [0x00000000e0000000, 0x00000000ef300000, 0x0000000100000000)
  eden space 180224K, 2% used [0x00000000e0000000,0x00000000e0393a30,0x00000000eb000000)
  from space 18944K, 0% used [0x00000000ec300000,0x00000000ec300000,0x00000000ed580000)
  to   space 19456K, 0% used [0x00000000eb000000,0x00000000eb000000,0x00000000ec300000)
 ParOldGen       total 86016K, used 31312K [0x00000000a0000000, 0x00000000a5400000, 0x00000000e0000000)
  object space 86016K, 36% used [0x00000000a0000000,0x00000000a1e94240,0x00000000a5400000)
 Metaspace       used 56781K, capacity 58804K, committed 59264K, reserved 1099776K
  class space    used 7749K, capacity 8202K, committed 8320K, reserved 1048576K
GC Heap History (10 events):
Event: 5.884 GC heap before
{Heap before GC invocations=11 (full 2):
 PSYoungGen      total 121344K, used 9708K [0x00000000e0000000, 0x00000000eb000000, 0x0000000100000000)
  eden space 110080K, 0% used [0x00000000e0000000,0x00000000e0000000,0x00000000e6b80000)
  from space 11264K, 86% used [0x00000000e6b80000,0x00000000e74fb3b8,0x00000000e7680000)
  to   space 11776K, 0% used [0x00000000ea480000,0x00000000ea480000,0x00000000eb000000)
 ParOldGen       total 56832K, used 9056K [0x00000000a0000000, 0x00000000a3780000, 0x00000000e0000000)
  object space 56832K, 15% used [0x00000000a0000000,0x00000000a08d83b8,0x00000000a3780000)
 Metaspace       used 34394K, capacity 35358K, committed 35416K, reserved 1079296K
  class space    used 4858K, capacity 5077K, committed 5120K, reserved 1048576K
Event: 5.938 GC heap after
Heap after GC invocations=11 (full 2):
 PSYoungGen      total 121344K, used 0K [0x00000000e0000000, 0x00000000eb000000, 0x0000000100000000)
  eden space 110080K, 0% used [0x00000000e0000000,0x00000000e0000000,0x00000000e6b80000)
  from space 11264K, 0% used [0x00000000e6b80000,0x00000000e6b80000,0x00000000e7680000)
  to   space 11776K, 0% used [0x00000000ea480000,0x00000000ea480000,0x00000000eb000000)
 ParOldGen       total 86016K, used 17004K [0x00000000a0000000, 0x00000000a5400000, 0x00000000e0000000)
  object space 86016K, 19% used [0x00000000a0000000,0x00000000a109b3c8,0x00000000a5400000)
 Metaspace       used 34394K, capacity 35358K, committed 35416K, reserved 1079296K
  class space    used 4858K, capacity 5077K, committed 5120K, reserved 1048576K
}
Event: 7.736 GC heap before
{Heap before GC invocations=12 (full 2):
 PSYoungGen      total 121344K, used 110080K [0x00000000e0000000, 0x00000000eb000000, 0x0000000100000000)
  eden space 110080K, 100% used [0x00000000e0000000,0x00000000e6b80000,0x00000000e6b80000)
  from space 11264K, 0% used [0x00000000e6b80000,0x00000000e6b80000,0x00000000e7680000)
  to   space 11776K, 0% used [0x00000000ea480000,0x00000000ea480000,0x00000000eb000000)
 ParOldGen       total 86016K, used 17004K [0x00000000a0000000, 0x00000000a5400000, 0x00000000e0000000)
  object space 86016K, 19% used [0x00000000a0000000,0x00000000a109b3c8,0x00000000a5400000)
 Metaspace       used 45567K, capacity 47122K, committed 47360K, reserved 1089536K
  class space    used 6209K, capacity 6564K, committed 6656K, reserved 1048576K
Event: 7.754 GC heap after
Heap after GC invocations=12 (full 2):
 PSYoungGen      total 153088K, used 11764K [0x00000000e0000000, 0x00000000eb000000, 0x0000000100000000)
  eden space 141312K, 0% used [0x00000000e0000000,0x00000000e0000000,0x00000000e8a00000)
  from space 11776K, 99% used [0x00000000ea480000,0x00000000eaffd3e8,0x00000000eb000000)
  to   space 13824K, 0% used [0x00000000e9500000,0x00000000e9500000,0x00000000ea280000)
 ParOldGen       total 86016K, used 19293K [0x00000000a0000000, 0x00000000a5400000, 0x00000000e0000000)
  object space 86016K, 22% used [0x00000000a0000000,0x00000000a12d77c0,0x00000000a5400000)
 Metaspace       used 45567K, capacity 47122K, committed 47360K, reserved 1089536K
  class space    used 6209K, capacity 6564K, committed 6656K, reserved 1048576K
}
Event: 9.621 GC heap before
{Heap before GC invocations=13 (full 2):
 PSYoungGen      total 153088K, used 153076K [0x00000000e0000000, 0x00000000eb000000, 0x0000000100000000)
  eden space 141312K, 100% used [0x00000000e0000000,0x00000000e8a00000,0x00000000e8a00000)
  from space 11776K, 99% used [0x00000000ea480000,0x00000000eaffd3e8,0x00000000eb000000)
  to   space 13824K, 0% used [0x00000000e9500000,0x00000000e9500000,0x00000000ea280000)
 ParOldGen       total 86016K, used 19293K [0x00000000a0000000, 0x00000000a5400000, 0x00000000e0000000)
  object space 86016K, 22% used [0x00000000a0000000,0x00000000a12d77c0,0x00000000a5400000)
 Metaspace       used 56330K, capacity 58288K, committed 58368K, reserved 1099776K
  class space    used 7686K, capacity 8171K, committed 8192K, reserved 1048576K
Event: 9.645 GC heap after
Heap after GC invocations=13 (full 2):
 PSYoungGen      total 166400K, used 13804K [0x00000000e0000000, 0x00000000ed580000, 0x0000000100000000)
  eden space 152576K, 0% used [0x00000000e0000000,0x00000000e0000000,0x00000000e9500000)
  from space 13824K, 99% used [0x00000000e9500000,0x00000000ea27b258,0x00000000ea280000)
  to   space 18944K, 0% used [0x00000000ec300000,0x00000000ec300000,0x00000000ed580000)
 ParOldGen       total 86016K, used 29035K [0x00000000a0000000, 0x00000000a5400000, 0x00000000e0000000)
  object space 86016K, 33% used [0x00000000a0000000,0x00000000a1c5ad28,0x00000000a5400000)
 Metaspace       used 56330K, capacity 58288K, committed 58368K, reserved 1099776K
  class space    used 7686K, capacity 8171K, committed 8192K, reserved 1048576K
}
Event: 9.798 GC heap before
{Heap before GC invocations=14 (full 2):
 PSYoungGen      total 166400K, used 25432K [0x00000000e0000000, 0x00000000ed580000, 0x0000000100000000)
  eden space 152576K, 7% used [0x00000000e0000000,0x00000000e0b5adb0,0x00000000e9500000)
  from space 13824K, 99% used [0x00000000e9500000,0x00000000ea27b258,0x00000000ea280000)
  to   space 18944K, 0% used [0x00000000ec300000,0x00000000ec300000,0x00000000ed580000)
 ParOldGen       total 86016K, used 29035K [0x00000000a0000000, 0x00000000a5400000, 0x00000000e0000000)
  object space 86016K, 33% used [0x00000000a0000000,0x00000000a1c5ad28,0x00000000a5400000)
 Metaspace       used 56808K, capacity 58898K, committed 59008K, reserved 1099776K
  class space    used 7760K, capacity 8259K, committed 8320K, reserved 1048576K
Event: 9.810 GC heap after
Heap after GC invocations=14 (full 2):
 PSYoungGen      total 199168K, used 1812K [0x00000000e0000000, 0x00000000ef300000, 0x0000000100000000)
  eden space 180224K, 0% used [0x00000000e0000000,0x00000000e0000000,0x00000000eb000000)
  from space 18944K, 9% used [0x00000000ec300000,0x00000000ec4c5270,0x00000000ed580000)
  to   space 19456K, 0% used [0x00000000eb000000,0x00000000eb000000,0x00000000ec300000)
 ParOldGen       total 86016K, used 38337K [0x00000000a0000000, 0x00000000a5400000, 0x00000000e0000000)
  object space 86016K, 44% used [0x00000000a0000000,0x00000000a25706d0,0x00000000a5400000)
 Metaspace       used 56808K, capacity 58898K, committed 59008K, reserved 1099776K
  class space    used 7760K, capacity 8259K, committed 8320K, reserved 1048576K
}
Event: 9.810 GC heap before
{Heap before GC invocations=15 (full 3):
 PSYoungGen      total 199168K, used 1812K [0x00000000e0000000, 0x00000000ef300000, 0x0000000100000000)
  eden space 180224K, 0% used [0x00000000e0000000,0x00000000e0000000,0x00000000eb000000)
  from space 18944K, 9% used [0x00000000ec300000,0x00000000ec4c5270,0x00000000ed580000)
  to   space 19456K, 0% used [0x00000000eb000000,0x00000000eb000000,0x00000000ec300000)
 ParOldGen       total 86016K, used 38337K [0x00000000a0000000, 0x00000000a5400000, 0x00000000e0000000)
  object space 86016K, 44% used [0x00000000a0000000,0x00000000a25706d0,0x00000000a5400000)
 Metaspace       used 56808K, capacity 58898K, committed 59008K, reserved 1099776K
  class space    used 7760K, capacity 8259K, committed 8320K, reserved 1048576K
Event: 10.093 GC heap after
Heap after GC invocations=15 (full 3):
 PSYoungGen      total 199168K, used 0K [0x00000000e0000000, 0x00000000ef300000, 0x0000000100000000)
  eden space 180224K, 0% used [0x00000000e0000000,0x00000000e0000000,0x00000000eb000000)
  from space 18944K, 0% used [0x00000000ec300000,0x00000000ec300000,0x00000000ed580000)
  to   space 19456K, 0% used [0x00000000eb000000,0x00000000eb000000,0x00000000ec300000)
 ParOldGen       total 86016K, used 31312K [0x00000000a0000000, 0x00000000a5400000, 0x00000000e0000000)
  object space 86016K, 36% used [0x00000000a0000000,0x00000000a1e94240,0x00000000a5400000)
 Metaspace       used 56745K, capacity 58676K, committed 59008K, reserved 1099776K
  class space    used 7742K, capacity 8202K, committed 8320K, reserved 1048576K
}

